[debug] [2026-04-04T09:45:49.498Z] ----------------------------------------------------------------------
[debug] [2026-04-04T09:45:49.502Z] Command:       C:\Program Files\nodejs\node.exe C:\Users\safwa\AppData\Roaming\npm\node_modules\firebase-tools\lib\bin\firebase.js deploy
[debug] [2026-04-04T09:45:49.502Z] CLI Version:   15.13.0
[debug] [2026-04-04T09:45:49.502Z] Platform:      win32
[debug] [2026-04-04T09:45:49.502Z] Node Version:  v25.8.0
[debug] [2026-04-04T09:45:49.502Z] Time:          Sat Apr 04 2026 15:15:49 GMT+0530 (India Standard Time)
[debug] [2026-04-04T09:45:49.502Z] ----------------------------------------------------------------------
[debug] 
[debug] [2026-04-04T09:45:51.251Z] > command requires scopes: ["email","openid","https://www.googleapis.com/auth/cloudplatformprojects.readonly","https://www.googleapis.com/auth/firebase","https://www.googleapis.com/auth/cloud-platform"]
[debug] [2026-04-04T09:45:51.251Z] > authorizing via signed-in user (thahoorprotein@gmail.com)
[debug] [2026-04-04T09:45:51.251Z] [iam] checking project thahoor-protein-369 for permissions ["datastore.indexes.create","datastore.indexes.delete","datastore.indexes.list","datastore.indexes.update","firebase.projects.get","firebase.projects.update","firebaseauth.configs.update","firebasehosting.sites.update"]
[debug] [2026-04-04T09:45:51.252Z] Checked if tokens are valid: true, expires at: 1775297017956
[debug] [2026-04-04T09:45:51.253Z] Checked if tokens are valid: true, expires at: 1775297017956
[debug] [2026-04-04T09:45:51.253Z] >>> [apiv2][query] POST https://cloudresourcemanager.googleapis.com/v1/projects/thahoor-protein-369:testIamPermissions [none]
[debug] [2026-04-04T09:45:51.254Z] >>> [apiv2][(partial)header] POST https://cloudresourcemanager.googleapis.com/v1/projects/thahoor-protein-369:testIamPermissions  x-goog-user-project=thahoor-protein-369
[debug] [2026-04-04T09:45:51.254Z] >>> [apiv2][body] POST https://cloudresourcemanager.googleapis.com/v1/projects/thahoor-protein-369:testIamPermissions {"permissions":["datastore.indexes.create","datastore.indexes.delete","datastore.indexes.list","datastore.indexes.update","firebase.projects.get","firebase.projects.update","firebaseauth.configs.update","firebasehosting.sites.update"]}
[debug] [2026-04-04T09:45:52.804Z] <<< [apiv2][status] POST https://cloudresourcemanager.googleapis.com/v1/projects/thahoor-protein-369:testIamPermissions 200
[debug] [2026-04-04T09:45:52.805Z] <<< [apiv2][body] POST https://cloudresourcemanager.googleapis.com/v1/projects/thahoor-protein-369:testIamPermissions {"permissions":["datastore.indexes.create","datastore.indexes.delete","datastore.indexes.list","datastore.indexes.update","firebase.projects.get","firebase.projects.update","firebaseauth.configs.update","firebasehosting.sites.update"]}
[debug] [2026-04-04T09:45:52.806Z] Checked if tokens are valid: true, expires at: 1775297017956
[debug] [2026-04-04T09:45:52.806Z] Checked if tokens are valid: true, expires at: 1775297017956
[debug] [2026-04-04T09:45:52.806Z] >>> [apiv2][query] GET https://firebase.googleapis.com/v1beta1/projects/thahoor-protein-369 [none]
[debug] [2026-04-04T09:45:53.391Z] <<< [apiv2][status] GET https://firebase.googleapis.com/v1beta1/projects/thahoor-protein-369 200
[debug] [2026-04-04T09:45:53.391Z] <<< [apiv2][body] GET https://firebase.googleapis.com/v1beta1/projects/thahoor-protein-369 {"projectId":"thahoor-protein-369","projectNumber":"443963419135","displayName":"Thahoor-protein","name":"projects/thahoor-protein-369","resources":{"hostingSite":"thahoor-protein-369"},"state":"ACTIVE","etag":"1_d2906b2e-9b3b-4409-878b-96c6ba982ff7"}
[info] 
[info] === Deploying to 'thahoor-protein-369'...
[info] 
[info] i  deploying firestore, hosting, auth 
[info] i  firestore: ensuring required API firestore.googleapis.com is enabled... 
[info] i  firestore: ensuring required API firestore.googleapis.com is enabled... 
[debug] [2026-04-04T09:45:53.401Z] Checked if tokens are valid: true, expires at: 1775297017956
[debug] [2026-04-04T09:45:53.401Z] Checked if tokens are valid: true, expires at: 1775297017956
[debug] [2026-04-04T09:45:53.401Z] >>> [apiv2][query] GET https://firestore.googleapis.com/v1/projects/thahoor-protein-369/databases/(default) [none]
[debug] [2026-04-04T09:45:55.088Z] <<< [apiv2][status] GET https://firestore.googleapis.com/v1/projects/thahoor-protein-369/databases/(default) 200
[debug] [2026-04-04T09:45:55.089Z] <<< [apiv2][body] GET https://firestore.googleapis.com/v1/projects/thahoor-protein-369/databases/(default) {"name":"projects/thahoor-protein-369/databases/(default)","uid":"fb525a83-4594-4f37-92f4-add6bf7f467e","createTime":"2026-04-03T18:05:35.831483Z","updateTime":"2026-04-03T18:05:35.831483Z","locationId":"nam5","type":"FIRESTORE_NATIVE","concurrencyMode":"PESSIMISTIC","versionRetentionPeriod":"3600s","earliestVersionTime":"2026-04-04T08:45:53.634389Z","appEngineIntegrationMode":"DISABLED","keyPrefix":"s","pointInTimeRecoveryEnablement":"POINT_IN_TIME_RECOVERY_DISABLED","deleteProtectionState":"DELETE_PROTECTION_DISABLED","databaseEdition":"STANDARD","freeTier":true,"realtimeUpdatesMode":"REALTIME_UPDATES_MODE_ENABLED","etag":"IKaDwOX005MDMOz4opym0pMD"}
[info] i  firestore: reading indexes from firestore.indexes.json... 
[info] i  cloud.firestore: checking firestore.rules for compilation errors... 
[debug] [2026-04-04T09:45:55.093Z] Checked if tokens are valid: true, expires at: 1775297017956
[debug] [2026-04-04T09:45:55.093Z] Checked if tokens are valid: true, expires at: 1775297017956
[debug] [2026-04-04T09:45:55.093Z] >>> [apiv2][query] POST https://firebaserules.googleapis.com/v1/projects/thahoor-protein-369:test [none]
[debug] [2026-04-04T09:45:55.093Z] >>> [apiv2][body] POST https://firebaserules.googleapis.com/v1/projects/thahoor-protein-369:test [omitted]
[debug] [2026-04-04T09:45:56.792Z] <<< [apiv2][status] POST https://firebaserules.googleapis.com/v1/projects/thahoor-protein-369:test 200
[debug] [2026-04-04T09:45:56.792Z] <<< [apiv2][body] POST https://firebaserules.googleapis.com/v1/projects/thahoor-protein-369:test {}
[info] +  cloud.firestore: rules file firestore.rules compiled successfully 
[debug] [2026-04-04T09:45:56.798Z] Checked if tokens are valid: true, expires at: 1775297017956
[debug] [2026-04-04T09:45:56.799Z] Checked if tokens are valid: true, expires at: 1775297017956
[debug] [2026-04-04T09:45:56.799Z] >>> [apiv2][query] POST https://firebasehosting.googleapis.com/v1beta1/projects/-/sites/thahoor-protein-369/versions [none]
[debug] [2026-04-04T09:45:56.799Z] >>> [apiv2][body] POST https://firebasehosting.googleapis.com/v1beta1/projects/-/sites/thahoor-protein-369/versions {"status":"CREATED","labels":{"deployment-tool":"cli-firebase"}}
[debug] [2026-04-04T09:45:58.558Z] <<< [apiv2][status] POST https://firebasehosting.googleapis.com/v1beta1/projects/-/sites/thahoor-protein-369/versions 200
[debug] [2026-04-04T09:45:58.558Z] <<< [apiv2][body] POST https://firebasehosting.googleapis.com/v1beta1/projects/-/sites/thahoor-protein-369/versions {"name":"projects/443963419135/sites/thahoor-protein-369/versions/ba210697bf90e688","status":"CREATED","config":{},"labels":{"deployment-tool":"cli-firebase"}}
[debug] [2026-04-04T09:45:58.559Z] Checked if tokens are valid: true, expires at: 1775297017956
[debug] [2026-04-04T09:45:58.559Z] Checked if tokens are valid: true, expires at: 1775297017956
[debug] [2026-04-04T09:45:58.560Z] >>> [apiv2][query] GET https://firebase.googleapis.com/v1beta1/projects/thahoor-protein-369/webApps pageSize=100
[debug] [2026-04-04T09:45:59.239Z] <<< [apiv2][status] GET https://firebase.googleapis.com/v1beta1/projects/thahoor-protein-369/webApps 200
[debug] [2026-04-04T09:45:59.239Z] <<< [apiv2][body] GET https://firebase.googleapis.com/v1beta1/projects/thahoor-protein-369/webApps {"apps":[{"name":"projects/thahoor-protein-369/webApps/1:443963419135:web:ac6df94e3f4da261491fca","appId":"1:443963419135:web:ac6df94e3f4da261491fca","displayName":"thahoor-protein","projectId":"thahoor-protein-369","webId":"M2M4YjlmZDMtZjI2Mi00ZTViLTg1NTEtMTJlMzExYzJmNTkx","apiKeyId":"dd39da27-6e14-4119-9dfa-fbe451fd2f88","state":"ACTIVE","expireTime":"1970-01-01T00:00:00Z","etag":"1_c9efde44-0999-4ab2-ab47-ad751e02312e"}]}
[debug] [2026-04-04T09:45:59.240Z] Checked if tokens are valid: true, expires at: 1775297017956
[debug] [2026-04-04T09:45:59.240Z] Checked if tokens are valid: true, expires at: 1775297017956
[debug] [2026-04-04T09:45:59.241Z] >>> [apiv2][query] GET https://firebaserules.googleapis.com/v1/projects/thahoor-protein-369/releases pageSize=10&pageToken=
[debug] [2026-04-04T09:46:00.767Z] <<< [apiv2][status] GET https://firebaserules.googleapis.com/v1/projects/thahoor-protein-369/releases 200
[debug] [2026-04-04T09:46:00.767Z] <<< [apiv2][body] GET https://firebaserules.googleapis.com/v1/projects/thahoor-protein-369/releases {"releases":[{"name":"projects/thahoor-protein-369/releases/cloud.firestore","rulesetName":"projects/thahoor-protein-369/rulesets/8bf1393f-720b-47a5-8551-8c82559adaaa","createTime":"2026-04-03T18:05:42.507441Z","updateTime":"2026-04-04T09:45:19.293153Z"}]}
[debug] [2026-04-04T09:46:00.768Z] Checked if tokens are valid: true, expires at: 1775297017956
[debug] [2026-04-04T09:46:00.768Z] Checked if tokens are valid: true, expires at: 1775297017956
[debug] [2026-04-04T09:46:00.768Z] >>> [apiv2][query] GET https://firebaserules.googleapis.com/v1/projects/thahoor-protein-369/rulesets/8bf1393f-720b-47a5-8551-8c82559adaaa [none]
[debug] [2026-04-04T09:46:01.373Z] <<< [apiv2][status] GET https://firebaserules.googleapis.com/v1/projects/thahoor-protein-369/rulesets/8bf1393f-720b-47a5-8551-8c82559adaaa 200
[debug] [2026-04-04T09:46:01.374Z] <<< [apiv2][body] GET https://firebaserules.googleapis.com/v1/projects/thahoor-protein-369/rulesets/8bf1393f-720b-47a5-8551-8c82559adaaa [omitted]
[info] i  firestore: latest version of firestore.rules already up to date, skipping upload... 
[info] i  firestore: deploying indexes... 
[debug] [2026-04-04T09:46:01.378Z] Checked if tokens are valid: true, expires at: 1775297017956
[debug] [2026-04-04T09:46:01.378Z] Checked if tokens are valid: true, expires at: 1775297017956
[debug] [2026-04-04T09:46:01.379Z] >>> [apiv2][query] GET https://firestore.googleapis.com/v1/projects/thahoor-protein-369/databases/(default)/collectionGroups/-/indexes [none]
[debug] [2026-04-04T09:46:03.111Z] <<< [apiv2][status] GET https://firestore.googleapis.com/v1/projects/thahoor-protein-369/databases/(default)/collectionGroups/-/indexes 200
[debug] [2026-04-04T09:46:03.112Z] <<< [apiv2][body] GET https://firestore.googleapis.com/v1/projects/thahoor-protein-369/databases/(default)/collectionGroups/-/indexes {"indexes":[{"name":"projects/thahoor-protein-369/databases/(default)/collectionGroups/orders/indexes/CICAgOjXh4EK","queryScope":"COLLECTION","fields":[{"fieldPath":"customer.email","order":"ASCENDING"},{"fieldPath":"createdAt","order":"DESCENDING"},{"fieldPath":"__name__","order":"DESCENDING"}],"state":"READY","density":"SPARSE_ALL"}]}
[debug] [2026-04-04T09:46:03.112Z] Checked if tokens are valid: true, expires at: 1775297017956
[debug] [2026-04-04T09:46:03.112Z] Checked if tokens are valid: true, expires at: 1775297017956
[debug] [2026-04-04T09:46:03.113Z] >>> [apiv2][query] GET https://firestore.googleapis.com/v1/projects/thahoor-protein-369/databases/(default)/collectionGroups/-/fields?filter=indexConfig.usesAncestorConfig=false OR ttlConfig:* [none]
[debug] [2026-04-04T09:46:03.473Z] <<< [apiv2][status] GET https://firestore.googleapis.com/v1/projects/thahoor-protein-369/databases/(default)/collectionGroups/-/fields?filter=indexConfig.usesAncestorConfig=false OR ttlConfig:* 200
[debug] [2026-04-04T09:46:03.473Z] <<< [apiv2][body] GET https://firestore.googleapis.com/v1/projects/thahoor-protein-369/databases/(default)/collectionGroups/-/fields?filter=indexConfig.usesAncestorConfig=false OR ttlConfig:* {"fields":[{"name":"projects/thahoor-protein-369/databases/(default)/collectionGroups/__default__/fields/*","indexConfig":{"indexes":[{"queryScope":"COLLECTION","fields":[{"fieldPath":"*","order":"ASCENDING"}],"state":"READY"},{"queryScope":"COLLECTION","fields":[{"fieldPath":"*","order":"DESCENDING"}],"state":"READY"},{"queryScope":"COLLECTION","fields":[{"fieldPath":"*","arrayConfig":"CONTAINS"}],"state":"READY"}]}}]}
[debug] [2026-04-04T09:46:03.474Z] Checked if tokens are valid: true, expires at: 1775297017956
[debug] [2026-04-04T09:46:03.474Z] Checked if tokens are valid: true, expires at: 1775297017956
[debug] [2026-04-04T09:46:03.474Z] >>> [apiv2][query] GET https://firestore.googleapis.com/v1/projects/thahoor-protein-369/databases/(default) [none]
[debug] [2026-04-04T09:46:03.842Z] <<< [apiv2][status] GET https://firestore.googleapis.com/v1/projects/thahoor-protein-369/databases/(default) 200
[debug] [2026-04-04T09:46:03.843Z] <<< [apiv2][body] GET https://firestore.googleapis.com/v1/projects/thahoor-protein-369/databases/(default) {"name":"projects/thahoor-protein-369/databases/(default)","uid":"fb525a83-4594-4f37-92f4-add6bf7f467e","createTime":"2026-04-03T18:05:35.831483Z","updateTime":"2026-04-03T18:05:35.831483Z","locationId":"nam5","type":"FIRESTORE_NATIVE","concurrencyMode":"PESSIMISTIC","versionRetentionPeriod":"3600s","earliestVersionTime":"2026-04-04T08:46:02.380871Z","appEngineIntegrationMode":"DISABLED","keyPrefix":"s","pointInTimeRecoveryEnablement":"POINT_IN_TIME_RECOVERY_DISABLED","deleteProtectionState":"DELETE_PROTECTION_DISABLED","databaseEdition":"STANDARD","freeTier":true,"realtimeUpdatesMode":"REALTIME_UPDATES_MODE_ENABLED","etag":"IOvw1en005MDMOz4opym0pMD"}
[debug] [2026-04-04T09:46:03.844Z] Skipping existing index: {"collectionGroup":"orders","queryScope":"COLLECTION","fields":[{"fieldPath":"customer.email","order":"ASCENDING"},{"fieldPath":"createdAt","order":"DESCENDING"},{"fieldPath":"__name__","order":"DESCENDING"}]}
[info] +  firestore: deployed indexes in firestore.indexes.json successfully for (default) database 
[info] i  hosting[thahoor-protein-369]: beginning deploy... 
[info] i  hosting[thahoor-protein-369]: found 17 files in frontend/dist 
[debug] [2026-04-04T09:46:03.894Z] [hosting] uploading with 200 concurrency
[debug] [2026-04-04T09:46:03.993Z] Checked if tokens are valid: true, expires at: 1775297017956
[debug] [2026-04-04T09:46:03.994Z] Checked if tokens are valid: true, expires at: 1775297017956
[debug] [2026-04-04T09:46:03.997Z] [hosting] hash cache [ZnJvbnRlbmRcZGlzdA] stored for 17 files
[debug] [2026-04-04T09:46:03.999Z] [hosting][hash queue][FINAL] {"max":88,"min":0,"avg":8.117647058823529,"active":0,"complete":17,"success":17,"errored":0,"retried":0,"total":17,"elapsed":101}
[debug] [2026-04-04T09:46:04.000Z] >>> [apiv2][query] POST https://firebasehosting.googleapis.com/v1beta1/projects/443963419135/sites/thahoor-protein-369/versions/ba210697bf90e688:populateFiles [none]
[debug] [2026-04-04T09:46:04.000Z] >>> [apiv2][body] POST https://firebasehosting.googleapis.com/v1beta1/projects/443963419135/sites/thahoor-protein-369/versions/ba210697bf90e688:populateFiles {"files":{"/vite.svg":"699a02e0e68a579f687d364bbbe7633161244f35af068220aee37b1b33dfb3c7","/thahoor.jpeg":"6f084e25c38343d072c20220baaad0b8f1000ff6a2d397f983aa24ffad030fe4","/assets/logo_round.jpg":"44112dc27d92822988d365dd8b7cd31ffbc9b9cf2351c83fbc336563a84a77fe","/assets/logo_hero.jpg":"14b0c9a8e7fd86360c68360189e0210d92c25ae3e5e66c33bf0632c39c4a8828","/assets/hero_meat_platter_2.jpg":"29b26118b4bbb979ce4d062a0735138f6fb5b4a3ae7a4e5c0015bc6b1d428f7d","/assets/hero_meat_platter.png":"ea744a025ca23dba3e36bc47dc8ce05bec9ed9d5aa1c8a2fc57c57897796fae8","/assets/cart_confirm.jpg":"86431a8b05091593c1d54b31597d890d8d14c65dfd7e35cd136f94c993aba4d9","/assets/categories/mutton.jpg":"8424a6c9bc14fb3ddc82763e6dd97b144ee62d55f5063954be05dc0c8413cd79","/assets/categories/liver.jpg":"2041c42c50fba3c87919e02dea436220a2667821fef6dd1d53d4140fed89e07a","/assets/categories/fish.jpg":"1070446ede9edd4d0a4924902fc8b6200658a1cde6618dce62096d9ba444418b","/assets/categories/combo.jpg":"d6fefbf909b0fe588fcc3c9d1944965c3f790665f698c71a2d2cb02669f6fb40","/assets/categories/chicken.jpg":"85be9284194c940a4063dc41b4c27c0557bb472e4e50e24b03b1e6a74dffb327","/assets/categories/beef.jpg":"21d4a895bd72072fa6bc92cb908bb16b023c2b22975869b722421e4f08cbee05","/index.html":"ddec12ec6d948dd9c2b1b4af1382ef33c5ab81eb87578c412c6b38fb9bd935b3","/assets/index-elYMVQAQ.css":"7d4e25fd50debc3618c38165c33e7a33b97484d8c9c2f4dcf658c5e96d06380e","/assets/payment-qr-BOMt0BK5.jpg":"b826f129bf16e94c30e4caf7acf735d563849392161ad3d7327de33d488030a6","/assets/index-dHhJJqYI.js":"ebd4b4270d60f2a84cdc815f2d685d6c176751437cb39651a3d87be82072def0"}}
[debug] [2026-04-04T09:46:05.375Z] <<< [apiv2][status] POST https://firebasehosting.googleapis.com/v1beta1/projects/443963419135/sites/thahoor-protein-369/versions/ba210697bf90e688:populateFiles 200
[debug] [2026-04-04T09:46:05.375Z] <<< [apiv2][body] POST https://firebasehosting.googleapis.com/v1beta1/projects/443963419135/sites/thahoor-protein-369/versions/ba210697bf90e688:populateFiles {"uploadUrl":"https://upload-firebasehosting.googleapis.com/upload/sites/thahoor-protein-369/versions/ba210697bf90e688/files"}
[debug] [2026-04-04T09:46:05.376Z] [hosting][populate queue][FINAL] {"max":1382,"min":1382,"avg":1382,"active":0,"complete":1,"success":1,"errored":0,"retried":0,"total":1,"elapsed":1383}
[debug] [2026-04-04T09:46:05.376Z] [hosting] uploads queued: 0
[debug] [2026-04-04T09:46:05.376Z] [hosting][upload queue][FINAL] {"max":0,"min":9999999999,"avg":0,"active":0,"complete":0,"success":0,"errored":0,"retried":0,"total":0,"elapsed":1775295965376}
[info] +  hosting[thahoor-protein-369]: file upload complete 
[debug] [2026-04-04T09:46:05.390Z] [hosting] deploy completed after 1537ms
[info] Enabling auth providers: email/password, Google sign-in...
[debug] [2026-04-04T09:46:05.396Z] [provision] Starting Firebase app provisioning...
[debug] [2026-04-04T09:46:05.397Z] [provision] Request: {
  "appNamespace": "1:443963419135:web:ac6df94e3f4da261491fca",
  "parent": "projects/thahoor-protein-369",
  "firebaseAuthInput": {
    "emailAuthProviderMode": "PROVIDER_ENABLED",
    "googleSigninProviderMode": "PROVIDER_ENABLED",
    "googleSigninProviderConfig": {
      "publicDisplayName": "thahoor-protein",
      "customerSupportEmail": "thahoorprotein@gmail.com"
    }
  },
  "webInput": {}
}
[debug] [2026-04-04T09:46:05.397Z] Checked if tokens are valid: true, expires at: 1775297017956
[debug] [2026-04-04T09:46:05.397Z] Checked if tokens are valid: true, expires at: 1775297017956
[debug] [2026-04-04T09:46:05.397Z] >>> [apiv2][query] POST https://firebase.googleapis.com/v1alpha/firebase:provisionFirebaseApp [none]
[debug] [2026-04-04T09:46:05.398Z] >>> [apiv2][body] POST https://firebase.googleapis.com/v1alpha/firebase:provisionFirebaseApp {"appNamespace":"1:443963419135:web:ac6df94e3f4da261491fca","parent":"projects/thahoor-protein-369","firebaseAuthInput":{"emailAuthProviderMode":"PROVIDER_ENABLED","googleSigninProviderMode":"PROVIDER_ENABLED","googleSigninProviderConfig":{"publicDisplayName":"thahoor-protein","customerSupportEmail":"thahoorprotein@gmail.com"}},"webInput":{}}
[debug] [2026-04-04T09:46:07.274Z] <<< [apiv2][status] POST https://firebase.googleapis.com/v1alpha/firebase:provisionFirebaseApp 200
[debug] [2026-04-04T09:46:07.274Z] <<< [apiv2][body] POST https://firebase.googleapis.com/v1alpha/firebase:provisionFirebaseApp {"name":"operations/workflows/MDY1OWFiNjYtYzJjZS00N2VlLTk5OTQtMzFjYTVjOWI2Y2Mw"}
[debug] [2026-04-04T09:46:07.274Z] [provision] Operation started: operations/workflows/MDY1OWFiNjYtYzJjZS00N2VlLTk5OTQtMzFjYTVjOWI2Y2Mw
[debug] [2026-04-04T09:46:07.274Z] [provision] Polling for operation completion...
[debug] [2026-04-04T09:46:07.275Z] Checked if tokens are valid: true, expires at: 1775297017956
[debug] [2026-04-04T09:46:07.275Z] Checked if tokens are valid: true, expires at: 1775297017956
[debug] [2026-04-04T09:46:07.276Z] >>> [apiv2][query] GET https://firebase.googleapis.com/v1beta1/operations/workflows/MDY1OWFiNjYtYzJjZS00N2VlLTk5OTQtMzFjYTVjOWI2Y2Mw [none]
[debug] [2026-04-04T09:46:08.021Z] <<< [apiv2][status] GET https://firebase.googleapis.com/v1beta1/operations/workflows/MDY1OWFiNjYtYzJjZS00N2VlLTk5OTQtMzFjYTVjOWI2Y2Mw 200
[debug] [2026-04-04T09:46:08.021Z] <<< [apiv2][body] GET https://firebase.googleapis.com/v1beta1/operations/workflows/MDY1OWFiNjYtYzJjZS00N2VlLTk5OTQtMzFjYTVjOWI2Y2Mw {"name":"operations/workflows/MDY1OWFiNjYtYzJjZS00N2VlLTk5OTQtMzFjYTVjOWI2Y2Mw"}
[debug] [2026-04-04T09:46:08.228Z] [Provision Firebase App Poller] Retrying task index 0
[debug] [2026-04-04T09:46:08.228Z] Checked if tokens are valid: true, expires at: 1775297017956
[debug] [2026-04-04T09:46:08.228Z] Checked if tokens are valid: true, expires at: 1775297017956
[debug] [2026-04-04T09:46:08.228Z] >>> [apiv2][query] GET https://firebase.googleapis.com/v1beta1/operations/workflows/MDY1OWFiNjYtYzJjZS00N2VlLTk5OTQtMzFjYTVjOWI2Y2Mw [none]
[debug] [2026-04-04T09:46:09.006Z] <<< [apiv2][status] GET https://firebase.googleapis.com/v1beta1/operations/workflows/MDY1OWFiNjYtYzJjZS00N2VlLTk5OTQtMzFjYTVjOWI2Y2Mw 200
[debug] [2026-04-04T09:46:09.006Z] <<< [apiv2][body] GET https://firebase.googleapis.com/v1beta1/operations/workflows/MDY1OWFiNjYtYzJjZS00N2VlLTk5OTQtMzFjYTVjOWI2Y2Mw {"name":"operations/workflows/MDY1OWFiNjYtYzJjZS00N2VlLTk5OTQtMzFjYTVjOWI2Y2Mw"}
[debug] [2026-04-04T09:46:09.410Z] [Provision Firebase App Poller] Retrying task index 0
[debug] [2026-04-04T09:46:09.410Z] Checked if tokens are valid: true, expires at: 1775297017956
[debug] [2026-04-04T09:46:09.410Z] Checked if tokens are valid: true, expires at: 1775297017956
[debug] [2026-04-04T09:46:09.410Z] >>> [apiv2][query] GET https://firebase.googleapis.com/v1beta1/operations/workflows/MDY1OWFiNjYtYzJjZS00N2VlLTk5OTQtMzFjYTVjOWI2Y2Mw [none]
[debug] [2026-04-04T09:46:10.139Z] <<< [apiv2][status] GET https://firebase.googleapis.com/v1beta1/operations/workflows/MDY1OWFiNjYtYzJjZS00N2VlLTk5OTQtMzFjYTVjOWI2Y2Mw 200
[debug] [2026-04-04T09:46:10.140Z] <<< [apiv2][body] GET https://firebase.googleapis.com/v1beta1/operations/workflows/MDY1OWFiNjYtYzJjZS00N2VlLTk5OTQtMzFjYTVjOWI2Y2Mw {"name":"operations/workflows/MDY1OWFiNjYtYzJjZS00N2VlLTk5OTQtMzFjYTVjOWI2Y2Mw"}
[debug] [2026-04-04T09:46:10.955Z] [Provision Firebase App Poller] Retrying task index 0
[debug] [2026-04-04T09:46:10.955Z] Checked if tokens are valid: true, expires at: 1775297017956
[debug] [2026-04-04T09:46:10.956Z] Checked if tokens are valid: true, expires at: 1775297017956
[debug] [2026-04-04T09:46:10.956Z] >>> [apiv2][query] GET https://firebase.googleapis.com/v1beta1/operations/workflows/MDY1OWFiNjYtYzJjZS00N2VlLTk5OTQtMzFjYTVjOWI2Y2Mw [none]
[debug] [2026-04-04T09:46:11.590Z] <<< [apiv2][status] GET https://firebase.googleapis.com/v1beta1/operations/workflows/MDY1OWFiNjYtYzJjZS00N2VlLTk5OTQtMzFjYTVjOWI2Y2Mw 200
[debug] [2026-04-04T09:46:11.591Z] <<< [apiv2][body] GET https://firebase.googleapis.com/v1beta1/operations/workflows/MDY1OWFiNjYtYzJjZS00N2VlLTk5OTQtMzFjYTVjOWI2Y2Mw {"name":"operations/workflows/MDY1OWFiNjYtYzJjZS00N2VlLTk5OTQtMzFjYTVjOWI2Y2Mw"}
[debug] [2026-04-04T09:46:13.196Z] [Provision Firebase App Poller] Retrying task index 0
[debug] [2026-04-04T09:46:13.196Z] Checked if tokens are valid: true, expires at: 1775297017956
[debug] [2026-04-04T09:46:13.196Z] Checked if tokens are valid: true, expires at: 1775297017956
[debug] [2026-04-04T09:46:13.196Z] >>> [apiv2][query] GET https://firebase.googleapis.com/v1beta1/operations/workflows/MDY1OWFiNjYtYzJjZS00N2VlLTk5OTQtMzFjYTVjOWI2Y2Mw [none]
